<?xml version="1.0" encoding="UTF-8"?>
<!-- Generated by org.testng.reporters.JUnitXMLReporter -->
<testsuite hostname="Aby-HP" ignored="0" name="Validating Title in the page" tests="1" failures="1" timestamp="2020-10-25T19:23:42 IST" time="7.23" errors="0">
  <testcase name="textValidation" time="0.046" classname="MavenProject.ValidateTitle">
    <failure type="java.lang.AssertionError" message="expected [Gmail1] but found [Gmail]">
      <![CDATA[java.lang.AssertionError: expected [Gmail1] but found [Gmail]
at MavenProject.ValidateTitle.textValidation(ValidateTitle.java:30)
at java.util.ArrayList.forEach(ArrayList.java:1257)
at java.util.concurrent.FutureTask.run(FutureTask.java:266)
at java.util.concurrent.ThreadPoolExecutor.runWorker(ThreadPoolExecutor.java:1149)
at java.util.concurrent.ThreadPoolExecutor$Worker.run(ThreadPoolExecutor.java:624)
at java.lang.Thread.run(Thread.java:748)
... Removed 24 stack frames]]>
    </failure>
  </testcase> <!-- textValidation -->
</testsuite> <!-- Validating Title in the page -->
