<?xml version="1.0" encoding="UTF-8"?>
<testng-results skipped="0" failed="1" ignored="0" total="2" passed="1">
  <reporter-output>
  </reporter-output>
  <suite name="Suite" duration-ms="25449" started-at="2020-10-25T19:23:35 IST" finished-at="2020-10-25T19:24:00 IST">
    <groups>
    </groups>
    <test name="App Test" duration-ms="11" started-at="2020-10-25T19:23:35 IST" finished-at="2020-10-25T19:23:35 IST">
    </test> <!-- App Test -->
    <test name="Validating Title in the page" duration-ms="7230" started-at="2020-10-25T19:23:35 IST" finished-at="2020-10-25T19:23:42 IST">
      <class name="MavenProject.ValidateTitle">
        <test-method status="PASS" signature="initialize()[pri:0, instance:MavenProject.ValidateTitle@fa49800]" name="initialize" is-config="true" duration-ms="6814" started-at="2020-10-25T19:23:35 IST" finished-at="2020-10-25T19:23:42 IST">
          <reporter-output>
          </reporter-output>
        </test-method> <!-- initialize -->
        <test-method status="FAIL" signature="textValidation()[pri:0, instance:MavenProject.ValidateTitle@fa49800]" name="textValidation" duration-ms="46" started-at="2020-10-25T19:23:42 IST" finished-at="2020-10-25T19:23:42 IST">
          <exception class="java.lang.AssertionError">
            <message>
              <![CDATA[expected [Gmail1] but found [Gmail]]]>
            </message>
            <full-stacktrace>
              <![CDATA[java.lang.AssertionError: expected [Gmail1] but found [Gmail]
at org.testng.Assert.fail(Assert.java:99)
at org.testng.Assert.failNotEquals(Assert.java:1037)
at org.testng.Assert.assertEqualsImpl(Assert.java:140)
at org.testng.Assert.assertEquals(Assert.java:122)
at org.testng.Assert.assertEquals(Assert.java:629)
at org.testng.Assert.assertEquals(Assert.java:639)
at MavenProject.ValidateTitle.textValidation(ValidateTitle.java:30)
at sun.reflect.NativeMethodAccessorImpl.invoke0(Native Method)
at sun.reflect.NativeMethodAccessorImpl.invoke(NativeMethodAccessorImpl.java:62)
at sun.reflect.DelegatingMethodAccessorImpl.invoke(DelegatingMethodAccessorImpl.java:43)
at java.lang.reflect.Method.invoke(Method.java:498)
at org.testng.internal.MethodInvocationHelper.invokeMethod(MethodInvocationHelper.java:132)
at org.testng.internal.TestInvoker.invokeMethod(TestInvoker.java:599)
at org.testng.internal.TestInvoker.invokeTestMethod(TestInvoker.java:174)
at org.testng.internal.MethodRunner.runInSequence(MethodRunner.java:46)
at org.testng.internal.TestInvoker$MethodInvocationAgent.invoke(TestInvoker.java:822)
at org.testng.internal.TestInvoker.invokeTestMethods(TestInvoker.java:147)
at org.testng.internal.TestMethodWorker.invokeTestMethods(TestMethodWorker.java:146)
at org.testng.internal.TestMethodWorker.run(TestMethodWorker.java:128)
at java.util.ArrayList.forEach(ArrayList.java:1257)
at org.testng.TestRunner.privateRun(TestRunner.java:764)
at org.testng.TestRunner.run(TestRunner.java:585)
at org.testng.SuiteRunner.runTest(SuiteRunner.java:384)
at org.testng.SuiteRunner.access$000(SuiteRunner.java:28)
at org.testng.SuiteRunner$SuiteWorker.run(SuiteRunner.java:425)
at org.testng.internal.thread.ThreadUtil.lambda$execute$0(ThreadUtil.java:66)
at java.util.concurrent.FutureTask.run(FutureTask.java:266)
at java.util.concurrent.ThreadPoolExecutor.runWorker(ThreadPoolExecutor.java:1149)
at java.util.concurrent.ThreadPoolExecutor$Worker.run(ThreadPoolExecutor.java:624)
at java.lang.Thread.run(Thread.java:748)
]]>
            </full-stacktrace>
          </exception> <!-- java.lang.AssertionError -->
          <reporter-output>
          </reporter-output>
        </test-method> <!-- textValidation -->
        <test-method status="PASS" signature="teardown()[pri:0, instance:MavenProject.ValidateTitle@fa49800]" name="teardown" is-config="true" duration-ms="93" started-at="2020-10-25T19:23:42 IST" finished-at="2020-10-25T19:23:42 IST">
          <reporter-output>
          </reporter-output>
        </test-method> <!-- teardown -->
      </class> <!-- MavenProject.ValidateTitle -->
    </test> <!-- Validating Title in the page -->
    <test name="Validating user logIn" duration-ms="25449" started-at="2020-10-25T19:23:35 IST" finished-at="2020-10-25T19:24:00 IST">
      <class name="MavenProject.HomePage">
        <test-method status="PASS" signature="initialize()[pri:0, instance:MavenProject.HomePage@6cd28fa7]" name="initialize" is-config="true" duration-ms="4216" started-at="2020-10-25T19:23:35 IST" finished-at="2020-10-25T19:23:39 IST">
          <reporter-output>
          </reporter-output>
        </test-method> <!-- initialize -->
        <test-method status="PASS" signature="basePageNavigation(java.lang.String, java.lang.String)[pri:0, instance:MavenProject.HomePage@6cd28fa7]" name="basePageNavigation" duration-ms="21106" started-at="2020-10-25T19:23:39 IST" data-provider="getdata" finished-at="2020-10-25T19:24:00 IST">
          <params>
            <param index="0">
              <value>
                <![CDATA[facebook]]>
              </value>
            </param>
            <param index="1">
              <value>
                <![CDATA[Password]]>
              </value>
            </param>
          </params>
          <reporter-output>
          </reporter-output>
        </test-method> <!-- basePageNavigation -->
        <test-method status="PASS" signature="teardown()[pri:0, instance:MavenProject.HomePage@6cd28fa7]" name="teardown" is-config="true" duration-ms="85" started-at="2020-10-25T19:24:00 IST" finished-at="2020-10-25T19:24:00 IST">
          <reporter-output>
          </reporter-output>
        </test-method> <!-- teardown -->
      </class> <!-- MavenProject.HomePage -->
    </test> <!-- Validating user logIn -->
  </suite> <!-- Suite -->
</testng-results>
